Determining if the system is big endian passed with the following output:
Change Dir: /home/bpenwell/Desktop/CS479/Project1/mathgl-2.4.2.1/CMakeFiles/CMakeTmp

Run Build Command:"/usr/bin/make" "cmTC_f643c/fast"
/usr/bin/make -f CMakeFiles/cmTC_f643c.dir/build.make CMakeFiles/cmTC_f643c.dir/build
make[1]: Entering directory '/home/bpenwell/Desktop/CS479/Project1/mathgl-2.4.2.1/CMakeFiles/CMakeTmp'
Building C object CMakeFiles/cmTC_f643c.dir/TestEndianess.c.o
/usr/bin/cc     -o CMakeFiles/cmTC_f643c.dir/TestEndianess.c.o   -c /home/bpenwell/Desktop/CS479/Project1/mathgl-2.4.2.1/CMakeFiles/CMakeTmp/TestEndianess.c
Linking C executable cmTC_f643c
/usr/bin/cmake -E cmake_link_script CMakeFiles/cmTC_f643c.dir/link.txt --verbose=1
/usr/bin/cc       CMakeFiles/cmTC_f643c.dir/TestEndianess.c.o  -o cmTC_f643c -rdynamic 
make[1]: Leaving directory '/home/bpenwell/Desktop/CS479/Project1/mathgl-2.4.2.1/CMakeFiles/CMakeTmp'

TestEndianess.c:
/* A 16 bit integer is required. */
typedef unsigned short cmakeint16;

/* On a little endian machine, these 16bit ints will give "THIS IS LITTLE ENDIAN."
   On a big endian machine the characters will be exchanged pairwise. */
const cmakeint16 info_little[] =  {0x4854, 0x5349, 0x4920, 0x2053, 0x494c, 0x5454, 0x454c, 0x4520, 0x444e, 0x4149, 0x2e4e, 0x0000};

/* on a big endian machine, these 16bit ints will give "THIS IS BIG ENDIAN."
   On a little endian machine the characters will be exchanged pairwise. */
const cmakeint16 info_big[] =     {0x5448, 0x4953, 0x2049, 0x5320, 0x4249, 0x4720, 0x454e, 0x4449, 0x414e, 0x2e2e, 0x0000};

#ifdef __CLASSIC_C__
int main(argc, argv) int argc; char *argv[];
#else
int main(int argc, char *argv[])
#endif
{
  int require = 0;
  require += info_little[argc];
  require += info_big[argc];
  (void)argv;
  return require;
}


Determining if the function sin exists failed with the following output:
Change Dir: /home/bpenwell/Desktop/CS479/Project1/mathgl-2.4.2.1/CMakeFiles/CMakeTmp

Run Build Command:"/usr/bin/make" "cmTC_43900/fast"
/usr/bin/make -f CMakeFiles/cmTC_43900.dir/build.make CMakeFiles/cmTC_43900.dir/build
make[1]: Entering directory '/home/bpenwell/Desktop/CS479/Project1/mathgl-2.4.2.1/CMakeFiles/CMakeTmp'
Building C object CMakeFiles/cmTC_43900.dir/CheckFunctionExists.c.o
/usr/bin/cc    -DCHECK_FUNCTION_EXISTS=sin   -o CMakeFiles/cmTC_43900.dir/CheckFunctionExists.c.o   -c /usr/share/cmake-3.5/Modules/CheckFunctionExists.c
<command-line>:0:23: warning: conflicting types for built-in function ‘sin’
/usr/share/cmake-3.5/Modules/CheckFunctionExists.c:6:6: note: in expansion of macro ‘CHECK_FUNCTION_EXISTS’
 char CHECK_FUNCTION_EXISTS();
      ^
Linking C executable cmTC_43900
/usr/bin/cmake -E cmake_link_script CMakeFiles/cmTC_43900.dir/link.txt --verbose=1
/usr/bin/cc   -DCHECK_FUNCTION_EXISTS=sin    CMakeFiles/cmTC_43900.dir/CheckFunctionExists.c.o  -o cmTC_43900 -rdynamic 
CMakeFiles/cmTC_43900.dir/CheckFunctionExists.c.o: In function `main':
CheckFunctionExists.c:(.text+0x15): undefined reference to `sin'
collect2: error: ld returned 1 exit status
CMakeFiles/cmTC_43900.dir/build.make:97: recipe for target 'cmTC_43900' failed
make[1]: *** [cmTC_43900] Error 1
make[1]: Leaving directory '/home/bpenwell/Desktop/CS479/Project1/mathgl-2.4.2.1/CMakeFiles/CMakeTmp'
Makefile:126: recipe for target 'cmTC_43900/fast' failed
make: *** [cmTC_43900/fast] Error 2


Determining if the pthread_create exist failed with the following output:
Change Dir: /home/bpenwell/Desktop/CS479/Project1/mathgl-2.4.2.1/CMakeFiles/CMakeTmp

Run Build Command:"/usr/bin/make" "cmTC_c8230/fast"
/usr/bin/make -f CMakeFiles/cmTC_c8230.dir/build.make CMakeFiles/cmTC_c8230.dir/build
make[1]: Entering directory '/home/bpenwell/Desktop/CS479/Project1/mathgl-2.4.2.1/CMakeFiles/CMakeTmp'
Building C object CMakeFiles/cmTC_c8230.dir/CheckSymbolExists.c.o
/usr/bin/cc     -o CMakeFiles/cmTC_c8230.dir/CheckSymbolExists.c.o   -c /home/bpenwell/Desktop/CS479/Project1/mathgl-2.4.2.1/CMakeFiles/CMakeTmp/CheckSymbolExists.c
Linking C executable cmTC_c8230
/usr/bin/cmake -E cmake_link_script CMakeFiles/cmTC_c8230.dir/link.txt --verbose=1
/usr/bin/cc       CMakeFiles/cmTC_c8230.dir/CheckSymbolExists.c.o  -o cmTC_c8230 -rdynamic 
CMakeFiles/cmTC_c8230.dir/CheckSymbolExists.c.o: In function `main':
CheckSymbolExists.c:(.text+0x16): undefined reference to `pthread_create'
collect2: error: ld returned 1 exit status
CMakeFiles/cmTC_c8230.dir/build.make:97: recipe for target 'cmTC_c8230' failed
make[1]: *** [cmTC_c8230] Error 1
make[1]: Leaving directory '/home/bpenwell/Desktop/CS479/Project1/mathgl-2.4.2.1/CMakeFiles/CMakeTmp'
Makefile:126: recipe for target 'cmTC_c8230/fast' failed
make: *** [cmTC_c8230/fast] Error 2

File /home/bpenwell/Desktop/CS479/Project1/mathgl-2.4.2.1/CMakeFiles/CMakeTmp/CheckSymbolExists.c:
/* */
#include <pthread.h>

int main(int argc, char** argv)
{
  (void)argv;
#ifndef pthread_create
  return ((int*)(&pthread_create))[argc];
#else
  (void)argc;
  return 0;
#endif
}

